<?xml version="1.0" encoding="UTF-8"?>
<!-- Generated by org.testng.reporters.JUnitReportReporter -->
<testsuite hostname="Anitha" failures="0" tests="1" name="login.TC_Login_001_Test" time="10.925" errors="0" timestamp="2023-10-09T22:35:22 BST" skipped="0">
  <testcase classname="login.TC_Login_001_Test" name="account" time="10.925"/>
  <system-out/>
</testsuite> <!-- login.TC_Login_001_Test -->
