<?xml version="1.0" encoding="UTF-8"?>
<!-- Generated by org.testng.reporters.JUnitReportReporter -->
<testsuite hostname="Anitha" failures="0" tests="1" name="login.TC_Login_001_Test" time="12.754" errors="0" timestamp="2023-10-05T00:26:08 BST" skipped="0">
  <testcase classname="login.TC_Login_001_Test" name="account" time="12.754"/>
  <system-out/>
</testsuite> <!-- login.TC_Login_001_Test -->
