<?xml version="1.0" encoding="UTF-8"?>
<!-- Generated by org.testng.reporters.JUnitReportReporter -->
<testsuite hostname="Anitha" failures="0" tests="1" name="Anitha.Sample_Test_001" time="0.001" errors="0" timestamp="2023-10-09T22:24:42 BST" skipped="0">
  <testcase classname="Anitha.Sample_Test_001" name="SampleDemo" time="0.001"/>
  <system-out/>
</testsuite> <!-- Anitha.Sample_Test_001 -->
