<?xml version="1.0" encoding="UTF-8"?>
<!-- Generated by org.testng.reporters.JUnitReportReporter -->
<testsuite hostname="Anitha" failures="0" tests="1" name="generic.ReadData_Test" time="23.499" errors="0" timestamp="2023-10-09T22:24:42 BST" skipped="0">
  <testcase classname="generic.ReadData_Test" name="registerUser" time="23.499"/>
  <system-out/>
</testsuite> <!-- generic.ReadData_Test -->
