<?xml version="1.0" encoding="UTF-8"?>
<!-- Generated by org.testng.reporters.JUnitReportReporter -->
<testsuite hostname="Anitha" failures="0" tests="1" name="accounts.TC_Accounts_SA_001_Test" time="23.927" errors="0" timestamp="2023-10-06T20:13:19 BST" skipped="0">
  <testcase classname="accounts.TC_Accounts_SA_001_Test" name="account" time="23.927"/>
  <system-out/>
</testsuite> <!-- accounts.TC_Accounts_SA_001_Test -->
