<?xml version="1.0" encoding="UTF-8"?>
<!-- Generated by org.testng.reporters.JUnitReportReporter -->
<testsuite hostname="Anitha" failures="0" tests="1" name="accounts.TC_Titan_Test" time="13.251" errors="0" timestamp="2023-10-06T20:13:41 BST" skipped="0">
  <testcase classname="accounts.TC_Titan_Test" name="account" time="13.251"/>
  <system-out/>
</testsuite> <!-- accounts.TC_Titan_Test -->
