<?xml version="1.0" encoding="UTF-8"?>
<!-- Generated by org.testng.reporters.JUnitReportReporter -->
<testsuite hostname="Anitha" failures="0" tests="1" name="accounts.TC_Titan" time="12.471" errors="0" timestamp="2023-10-05T00:26:08 BST" skipped="0">
  <testcase classname="accounts.TC_Titan" name="account" time="12.471"/>
  <system-out/>
</testsuite> <!-- accounts.TC_Titan -->
