<?xml version="1.0" encoding="UTF-8"?>
<!-- Generated by org.testng.reporters.JUnitReportReporter -->
<testsuite hostname="Anitha" failures="0" tests="1" name="tv.Samsong_Test" time="46.440" errors="0" timestamp="2023-10-05T10:32:32 BST" skipped="0">
  <testcase classname="tv.Samsong_Test" name="account" time="46.440"/>
  <system-out/>
</testsuite> <!-- tv.Samsong_Test -->
