<?xml version="1.0" encoding="UTF-8"?>
<!-- Generated by org.testng.reporters.JUnitReportReporter -->
<testsuite hostname="Anitha" failures="0" tests="1" name="accounts.TC_Titan_Test" time="13.965" errors="0" timestamp="2023-10-09T22:35:22 BST" skipped="0">
  <testcase classname="accounts.TC_Titan_Test" name="account" time="13.965"/>
  <system-out/>
</testsuite> <!-- accounts.TC_Titan_Test -->
