<?xml version="1.0" encoding="UTF-8"?>
<!-- Generated by org.testng.reporters.JUnitReportReporter -->
<testsuite hostname="Anitha" failures="0" tests="1" name="login.TC_Watchs_Test" time="12.011" errors="0" timestamp="2023-10-09T22:35:22 BST" skipped="0">
  <testcase classname="login.TC_Watchs_Test" name="account" time="12.011"/>
  <system-out/>
</testsuite> <!-- login.TC_Watchs_Test -->
