<?xml version="1.0" encoding="UTF-8"?>
<!-- Generated by org.testng.reporters.JUnitReportReporter -->
<testsuite hostname="Anitha" failures="0" tests="1" name="accounts.TC_Accounts_SA_001_Test" time="9.360" errors="0" timestamp="2023-10-09T22:35:22 BST" skipped="0">
  <testcase classname="accounts.TC_Accounts_SA_001_Test" name="account" time="9.360"/>
  <system-out/>
</testsuite> <!-- accounts.TC_Accounts_SA_001_Test -->
