<?xml version="1.0" encoding="UTF-8"?>
<!-- Generated by org.testng.reporters.JUnitReportReporter -->
<testsuite hostname="Anitha" failures="0" tests="1" name="login.TC_Watchs" time="13.023" errors="0" timestamp="2023-10-05T00:26:08 BST" skipped="0">
  <testcase classname="login.TC_Watchs" name="account" time="13.023"/>
  <system-out/>
</testsuite> <!-- login.TC_Watchs -->
