<?xml version="1.0" encoding="UTF-8"?>
<!-- Generated by org.testng.reporters.JUnitReportReporter -->
<testsuite hostname="Anitha" failures="0" tests="1" name="generic.TC_Login_Test" time="11.694" errors="0" timestamp="2023-10-09T22:24:42 BST" skipped="0">
  <testcase classname="generic.TC_Login_Test" name="lohin_Test" time="11.694"/>
  <system-out/>
</testsuite> <!-- generic.TC_Login_Test -->
