<?xml version="1.0" encoding="UTF-8"?>
<!-- Generated by org.testng.reporters.JUnitReportReporter -->
<testsuite hostname="Anitha" failures="0" tests="1" name="tv.LG_Test" time="8.607" errors="0" timestamp="2023-10-09T22:34:22 BST" skipped="0">
  <testcase classname="tv.LG_Test" name="account" time="8.607"/>
  <system-out/>
</testsuite> <!-- tv.LG_Test -->
