<?xml version="1.0" encoding="UTF-8"?>
<!-- Generated by org.testng.reporters.JUnitReportReporter -->
<testsuite hostname="Anitha" failures="0" tests="1" name="tv.Sony_Test" time="8.841" errors="0" timestamp="2023-10-09T22:34:22 BST" skipped="0">
  <testcase classname="tv.Sony_Test" name="account" time="8.841"/>
  <system-out/>
</testsuite> <!-- tv.Sony_Test -->
